[2023-04-28 05:11:57] laravel.EMERGENCY: Unable to create configured logger. Using emergency logger. {"exception":"[object] (InvalidArgumentException(code: 0): Log [] is not defined. at D:\\Laravel\\filament\\dashboard\\vendor\\laravel\\framework\\src\\Illuminate\\Log\\LogManager.php:212)
[stacktrace]
#0 D:\\Laravel\\filament\\dashboard\\vendor\\laravel\\framework\\src\\Illuminate\\Log\\LogManager.php(137): Illuminate\\Log\\LogManager->resolve(NULL, NULL)
#1 D:\\Laravel\\filament\\dashboard\\vendor\\laravel\\framework\\src\\Illuminate\\Log\\LogManager.php(124): Illuminate\\Log\\LogManager->get(NULL)
#2 D:\\Laravel\\filament\\dashboard\\vendor\\laravel\\framework\\src\\Illuminate\\Log\\LogManager.php(667): Illuminate\\Log\\LogManager->driver()
#3 D:\\Laravel\\filament\\dashboard\\vendor\\laravel\\framework\\src\\Illuminate\\Foundation\\Exceptions\\Handler.php(274): Illuminate\\Log\\LogManager->error('syntax error, u...', Array)
#4 D:\\Laravel\\filament\\dashboard\\vendor\\laravel\\framework\\src\\Illuminate\\Foundation\\Console\\Kernel.php(503): Illuminate\\Foundation\\Exceptions\\Handler->report(Object(ParseError))
#5 D:\\Laravel\\filament\\dashboard\\vendor\\laravel\\framework\\src\\Illuminate\\Foundation\\Console\\Kernel.php(202): Illuminate\\Foundation\\Console\\Kernel->reportException(Object(ParseError))
#6 Command line code(1): Illuminate\\Foundation\\Console\\Kernel->handle(Object(Symfony\\Component\\Console\\Input\\ArgvInput), Object(Symfony\\Component\\Console\\Output\\ConsoleOutput))
#7 {main}
"} 
[2023-04-28 05:11:57] laravel.ERROR: syntax error, unexpected identifier "null", expecting "]" {"exception":"[object] (ParseError(code: 0): syntax error, unexpected identifier \"null\", expecting \"]\" at D:\\Laravel\\filament\\dashboard\\config\\database.php:60)
[stacktrace]
#0 D:\\Laravel\\filament\\dashboard\\vendor\\laravel\\framework\\src\\Illuminate\\Foundation\\Bootstrap\\LoadConfiguration.php(39): Illuminate\\Foundation\\Bootstrap\\LoadConfiguration->loadConfigurationFiles(Object(Illuminate\\Foundation\\Application), Object(Illuminate\\Config\\Repository))
#1 D:\\Laravel\\filament\\dashboard\\vendor\\laravel\\framework\\src\\Illuminate\\Foundation\\Application.php(261): Illuminate\\Foundation\\Bootstrap\\LoadConfiguration->bootstrap(Object(Illuminate\\Foundation\\Application))
#2 D:\\Laravel\\filament\\dashboard\\vendor\\laravel\\framework\\src\\Illuminate\\Foundation\\Console\\Kernel.php(428): Illuminate\\Foundation\\Application->bootstrapWith(Array)
#3 D:\\Laravel\\filament\\dashboard\\vendor\\laravel\\framework\\src\\Illuminate\\Foundation\\Console\\Kernel.php(198): Illuminate\\Foundation\\Console\\Kernel->bootstrap()
#4 Command line code(1): Illuminate\\Foundation\\Console\\Kernel->handle(Object(Symfony\\Component\\Console\\Input\\ArgvInput), Object(Symfony\\Component\\Console\\Output\\ConsoleOutput))
#5 {main}
"} 
[2023-04-28 05:29:45] local.ERROR: syntax error, unexpected token "->", expecting identifier or variable or "{" or "$" {"exception":"[object] (ParseError(code: 0): syntax error, unexpected token \"->\", expecting identifier or variable or \"{\" or \"$\" at D:\\Laravel\\filament\\dashboard\\app\\Filament\\Resources\\CustomerResource.php:28)
[stacktrace]
#0 D:\\Laravel\\filament\\dashboard\\vendor\\composer\\ClassLoader.php(433): Composer\\Autoload\\{closure}('D:\\\\Laravel\\\\fila...')
#1 [internal function]: Composer\\Autoload\\ClassLoader->loadClass('App\\\\Filament\\\\Re...')
#2 D:\\Laravel\\filament\\dashboard\\vendor\\filament\\filament\\src\\FilamentServiceProvider.php(161): class_exists('App\\\\Filament\\\\Re...')
#3 D:\\Laravel\\filament\\dashboard\\vendor\\filament\\filament\\src\\FilamentServiceProvider.php(84): Filament\\FilamentServiceProvider->registerComponents()
#4 D:\\Laravel\\filament\\dashboard\\vendor\\laravel\\framework\\src\\Illuminate\\Foundation\\Application.php(1049): Filament\\FilamentServiceProvider->Filament\\{closure}(Object(Illuminate\\Foundation\\Application))
#5 D:\\Laravel\\filament\\dashboard\\vendor\\laravel\\framework\\src\\Illuminate\\Foundation\\Application.php(984): Illuminate\\Foundation\\Application->fireAppCallbacks(Array)
#6 D:\\Laravel\\filament\\dashboard\\vendor\\laravel\\framework\\src\\Illuminate\\Foundation\\Bootstrap\\BootProviders.php(17): Illuminate\\Foundation\\Application->boot()
#7 D:\\Laravel\\filament\\dashboard\\vendor\\laravel\\framework\\src\\Illuminate\\Foundation\\Application.php(261): Illuminate\\Foundation\\Bootstrap\\BootProviders->bootstrap(Object(Illuminate\\Foundation\\Application))
#8 D:\\Laravel\\filament\\dashboard\\vendor\\laravel\\framework\\src\\Illuminate\\Foundation\\Console\\Kernel.php(428): Illuminate\\Foundation\\Application->bootstrapWith(Array)
#9 D:\\Laravel\\filament\\dashboard\\vendor\\laravel\\framework\\src\\Illuminate\\Foundation\\Console\\Kernel.php(198): Illuminate\\Foundation\\Console\\Kernel->bootstrap()
#10 Command line code(1): Illuminate\\Foundation\\Console\\Kernel->handle(Object(Symfony\\Component\\Console\\Input\\ArgvInput), Object(Symfony\\Component\\Console\\Output\\ConsoleOutput))
#11 {main}
"} 
[2023-04-28 05:29:45] local.ERROR: syntax error, unexpected token "->", expecting identifier or variable or "{" or "$" {"exception":"[object] (ParseError(code: 0): syntax error, unexpected token \"->\", expecting identifier or variable or \"{\" or \"$\" at D:\\Laravel\\filament\\dashboard\\app\\Filament\\Resources\\CustomerResource.php:28)
[stacktrace]
#0 D:\\Laravel\\filament\\dashboard\\vendor\\composer\\ClassLoader.php(433): Composer\\Autoload\\{closure}('D:\\\\Laravel\\\\fila...')
#1 [internal function]: Composer\\Autoload\\ClassLoader->loadClass('App\\\\Filament\\\\Re...')
#2 D:\\Laravel\\filament\\dashboard\\vendor\\filament\\filament\\src\\FilamentServiceProvider.php(161): class_exists('App\\\\Filament\\\\Re...')
#3 D:\\Laravel\\filament\\dashboard\\vendor\\filament\\filament\\src\\FilamentServiceProvider.php(84): Filament\\FilamentServiceProvider->registerComponents()
#4 D:\\Laravel\\filament\\dashboard\\vendor\\laravel\\framework\\src\\Illuminate\\Foundation\\Application.php(1049): Filament\\FilamentServiceProvider->Filament\\{closure}(Object(Illuminate\\Foundation\\Application))
#5 D:\\Laravel\\filament\\dashboard\\vendor\\laravel\\framework\\src\\Illuminate\\Foundation\\Application.php(984): Illuminate\\Foundation\\Application->fireAppCallbacks(Array)
#6 D:\\Laravel\\filament\\dashboard\\vendor\\laravel\\framework\\src\\Illuminate\\Foundation\\Bootstrap\\BootProviders.php(17): Illuminate\\Foundation\\Application->boot()
#7 D:\\Laravel\\filament\\dashboard\\vendor\\laravel\\framework\\src\\Illuminate\\Foundation\\Application.php(261): Illuminate\\Foundation\\Bootstrap\\BootProviders->bootstrap(Object(Illuminate\\Foundation\\Application))
#8 D:\\Laravel\\filament\\dashboard\\vendor\\laravel\\framework\\src\\Illuminate\\Foundation\\Console\\Kernel.php(428): Illuminate\\Foundation\\Application->bootstrapWith(Array)
#9 D:\\Laravel\\filament\\dashboard\\vendor\\laravel\\framework\\src\\Illuminate\\Foundation\\Console\\Kernel.php(198): Illuminate\\Foundation\\Console\\Kernel->bootstrap()
#10 Command line code(1): Illuminate\\Foundation\\Console\\Kernel->handle(Object(Symfony\\Component\\Console\\Input\\ArgvInput), Object(Symfony\\Component\\Console\\Output\\ConsoleOutput))
#11 {main}
"} 
[2023-04-28 05:31:13] local.ERROR: Add [name] to fillable property to allow mass assignment on [App\Models\Customer]. {"userId":1,"exception":"[object] (Illuminate\\Database\\Eloquent\\MassAssignmentException(code: 0): Add [name] to fillable property to allow mass assignment on [App\\Models\\Customer]. at D:\\Laravel\\filament\\dashboard\\vendor\\laravel\\framework\\src\\Illuminate\\Database\\Eloquent\\Model.php:524)
[stacktrace]
#0 D:\\Laravel\\filament\\dashboard\\vendor\\laravel\\framework\\src\\Illuminate\\Database\\Eloquent\\Model.php(613): Illuminate\\Database\\Eloquent\\Model->fill(Array)
#1 D:\\Laravel\\filament\\dashboard\\vendor\\laravel\\framework\\src\\Illuminate\\Database\\Eloquent\\Builder.php(1488): Illuminate\\Database\\Eloquent\\Model->newInstance(Array)
#2 D:\\Laravel\\filament\\dashboard\\vendor\\laravel\\framework\\src\\Illuminate\\Database\\Eloquent\\Builder.php(995): Illuminate\\Database\\Eloquent\\Builder->newModelInstance(Array)
#3 D:\\Laravel\\filament\\dashboard\\vendor\\laravel\\framework\\src\\Illuminate\\Support\\Traits\\ForwardsCalls.php(23): Illuminate\\Database\\Eloquent\\Builder->create(Array)
#4 D:\\Laravel\\filament\\dashboard\\vendor\\laravel\\framework\\src\\Illuminate\\Database\\Eloquent\\Model.php(2335): Illuminate\\Database\\Eloquent\\Model->forwardCallTo(Object(Illuminate\\Database\\Eloquent\\Builder), 'create', Array)
#5 D:\\Laravel\\filament\\dashboard\\vendor\\laravel\\framework\\src\\Illuminate\\Database\\Eloquent\\Model.php(2347): Illuminate\\Database\\Eloquent\\Model->__call('create', Array)
#6 D:\\Laravel\\filament\\dashboard\\vendor\\filament\\filament\\src\\Resources\\Pages\\CreateRecord.php(132): Illuminate\\Database\\Eloquent\\Model::__callStatic('create', Array)
#7 D:\\Laravel\\filament\\dashboard\\vendor\\filament\\filament\\src\\Resources\\Pages\\CreateRecord.php(75): Filament\\Resources\\Pages\\CreateRecord->handleRecordCreation(Array)
#8 D:\\Laravel\\filament\\dashboard\\vendor\\laravel\\framework\\src\\Illuminate\\Container\\BoundMethod.php(36): Filament\\Resources\\Pages\\CreateRecord->create(false)
#9 D:\\Laravel\\filament\\dashboard\\vendor\\laravel\\framework\\src\\Illuminate\\Container\\Util.php(41): Illuminate\\Container\\BoundMethod::Illuminate\\Container\\{closure}()
#10 D:\\Laravel\\filament\\dashboard\\vendor\\laravel\\framework\\src\\Illuminate\\Container\\BoundMethod.php(93): Illuminate\\Container\\Util::unwrapIfClosure(Object(Closure))
#11 D:\\Laravel\\filament\\dashboard\\vendor\\laravel\\framework\\src\\Illuminate\\Container\\BoundMethod.php(35): Illuminate\\Container\\BoundMethod::callBoundMethod(Object(Illuminate\\Foundation\\Application), Array, Object(Closure))
#12 D:\\Laravel\\filament\\dashboard\\vendor\\livewire\\livewire\\src\\ComponentConcerns\\HandlesActions.php(149): Illuminate\\Container\\BoundMethod::call(Object(Illuminate\\Foundation\\Application), Array, Array)
#13 D:\\Laravel\\filament\\dashboard\\vendor\\livewire\\livewire\\src\\HydrationMiddleware\\PerformActionCalls.php(36): Livewire\\Component->callMethod('create', Array, Object(Closure))
#14 D:\\Laravel\\filament\\dashboard\\vendor\\livewire\\livewire\\src\\LifecycleManager.php(89): Livewire\\HydrationMiddleware\\PerformActionCalls::hydrate(Object(App\\Filament\\Resources\\CustomerResource\\Pages\\CreateCustomer), Object(Livewire\\Request))
#15 D:\\Laravel\\filament\\dashboard\\vendor\\livewire\\livewire\\src\\Connection\\ConnectionHandler.php(13): Livewire\\LifecycleManager->hydrate()
#16 D:\\Laravel\\filament\\dashboard\\vendor\\livewire\\livewire\\src\\Controllers\\HttpConnectionHandler.php(19): Livewire\\Connection\\ConnectionHandler->handle(Array)
#17 D:\\Laravel\\filament\\dashboard\\vendor\\laravel\\framework\\src\\Illuminate\\Routing\\ControllerDispatcher.php(46): Livewire\\Controllers\\HttpConnectionHandler->__invoke('app.filament.re...')
#18 D:\\Laravel\\filament\\dashboard\\vendor\\laravel\\framework\\src\\Illuminate\\Routing\\Route.php(259): Illuminate\\Routing\\ControllerDispatcher->dispatch(Object(Illuminate\\Routing\\Route), Object(Livewire\\Controllers\\HttpConnectionHandler), '__invoke')
#19 D:\\Laravel\\filament\\dashboard\\vendor\\laravel\\framework\\src\\Illuminate\\Routing\\Route.php(205): Illuminate\\Routing\\Route->runController()
#20 D:\\Laravel\\filament\\dashboard\\vendor\\laravel\\framework\\src\\Illuminate\\Routing\\Router.php(798): Illuminate\\Routing\\Route->run()
#21 D:\\Laravel\\filament\\dashboard\\vendor\\laravel\\framework\\src\\Illuminate\\Pipeline\\Pipeline.php(141): Illuminate\\Routing\\Router->Illuminate\\Routing\\{closure}(Object(Illuminate\\Http\\Request))
#22 D:\\Laravel\\filament\\dashboard\\vendor\\laravel\\framework\\src\\Illuminate\\Routing\\Middleware\\SubstituteBindings.php(50): Illuminate\\Pipeline\\Pipeline->Illuminate\\Pipeline\\{closure}(Object(Illuminate\\Http\\Request))
#23 D:\\Laravel\\filament\\dashboard\\vendor\\laravel\\framework\\src\\Illuminate\\Pipeline\\Pipeline.php(180): Illuminate\\Routing\\Middleware\\SubstituteBindings->handle(Object(Illuminate\\Http\\Request), Object(Closure))
#24 D:\\Laravel\\filament\\dashboard\\vendor\\laravel\\framework\\src\\Illuminate\\Foundation\\Http\\Middleware\\VerifyCsrfToken.php(78): Illuminate\\Pipeline\\Pipeline->Illuminate\\Pipeline\\{closure}(Object(Illuminate\\Http\\Request))
#25 D:\\Laravel\\filament\\dashboard\\vendor\\laravel\\framework\\src\\Illuminate\\Pipeline\\Pipeline.php(180): Illuminate\\Foundation\\Http\\Middleware\\VerifyCsrfToken->handle(Object(Illuminate\\Http\\Request), Object(Closure))
#26 D:\\Laravel\\filament\\dashboard\\vendor\\laravel\\framework\\src\\Illuminate\\View\\Middleware\\ShareErrorsFromSession.php(49): Illuminate\\Pipeline\\Pipeline->Illuminate\\Pipeline\\{closure}(Object(Illuminate\\Http\\Request))
#27 D:\\Laravel\\filament\\dashboard\\vendor\\laravel\\framework\\src\\Illuminate\\Pipeline\\Pipeline.php(180): Illuminate\\View\\Middleware\\ShareErrorsFromSession->handle(Object(Illuminate\\Http\\Request), Object(Closure))
#28 D:\\Laravel\\filament\\dashboard\\vendor\\laravel\\framework\\src\\Illuminate\\Session\\Middleware\\StartSession.php(121): Illuminate\\Pipeline\\Pipeline->Illuminate\\Pipeline\\{closure}(Object(Illuminate\\Http\\Request))
#29 D:\\Laravel\\filament\\dashboard\\vendor\\laravel\\framework\\src\\Illuminate\\Session\\Middleware\\StartSession.php(64): Illuminate\\Session\\Middleware\\StartSession->handleStatefulRequest(Object(Illuminate\\Http\\Request), Object(Illuminate\\Session\\Store), Object(Closure))
#30 D:\\Laravel\\filament\\dashboard\\vendor\\laravel\\framework\\src\\Illuminate\\Pipeline\\Pipeline.php(180): Illuminate\\Session\\Middleware\\StartSession->handle(Object(Illuminate\\Http\\Request), Object(Closure))
#31 D:\\Laravel\\filament\\dashboard\\vendor\\laravel\\framework\\src\\Illuminate\\Cookie\\Middleware\\AddQueuedCookiesToResponse.php(37): Illuminate\\Pipeline\\Pipeline->Illuminate\\Pipeline\\{closure}(Object(Illuminate\\Http\\Request))
#32 D:\\Laravel\\filament\\dashboard\\vendor\\laravel\\framework\\src\\Illuminate\\Pipeline\\Pipeline.php(180): Illuminate\\Cookie\\Middleware\\AddQueuedCookiesToResponse->handle(Object(Illuminate\\Http\\Request), Object(Closure))
#33 D:\\Laravel\\filament\\dashboard\\vendor\\laravel\\framework\\src\\Illuminate\\Cookie\\Middleware\\EncryptCookies.php(67): Illuminate\\Pipeline\\Pipeline->Illuminate\\Pipeline\\{closure}(Object(Illuminate\\Http\\Request))
#34 D:\\Laravel\\filament\\dashboard\\vendor\\laravel\\framework\\src\\Illuminate\\Pipeline\\Pipeline.php(180): Illuminate\\Cookie\\Middleware\\EncryptCookies->handle(Object(Illuminate\\Http\\Request), Object(Closure))
#35 D:\\Laravel\\filament\\dashboard\\vendor\\laravel\\framework\\src\\Illuminate\\Pipeline\\Pipeline.php(116): Illuminate\\Pipeline\\Pipeline->Illuminate\\Pipeline\\{closure}(Object(Illuminate\\Http\\Request))
#36 D:\\Laravel\\filament\\dashboard\\vendor\\laravel\\framework\\src\\Illuminate\\Routing\\Router.php(797): Illuminate\\Pipeline\\Pipeline->then(Object(Closure))
#37 D:\\Laravel\\filament\\dashboard\\vendor\\laravel\\framework\\src\\Illuminate\\Routing\\Router.php(776): Illuminate\\Routing\\Router->runRouteWithinStack(Object(Illuminate\\Routing\\Route), Object(Illuminate\\Http\\Request))
#38 D:\\Laravel\\filament\\dashboard\\vendor\\laravel\\framework\\src\\Illuminate\\Routing\\Router.php(740): Illuminate\\Routing\\Router->runRoute(Object(Illuminate\\Http\\Request), Object(Illuminate\\Routing\\Route))
#39 D:\\Laravel\\filament\\dashboard\\vendor\\laravel\\framework\\src\\Illuminate\\Routing\\Router.php(729): Illuminate\\Routing\\Router->dispatchToRoute(Object(Illuminate\\Http\\Request))
#40 D:\\Laravel\\filament\\dashboard\\vendor\\laravel\\framework\\src\\Illuminate\\Foundation\\Http\\Kernel.php(200): Illuminate\\Routing\\Router->dispatch(Object(Illuminate\\Http\\Request))
#41 D:\\Laravel\\filament\\dashboard\\vendor\\laravel\\framework\\src\\Illuminate\\Pipeline\\Pipeline.php(141): Illuminate\\Foundation\\Http\\Kernel->Illuminate\\Foundation\\Http\\{closure}(Object(Illuminate\\Http\\Request))
#42 D:\\Laravel\\filament\\dashboard\\vendor\\livewire\\livewire\\src\\DisableBrowserCache.php(19): Illuminate\\Pipeline\\Pipeline->Illuminate\\Pipeline\\{closure}(Object(Illuminate\\Http\\Request))
#43 D:\\Laravel\\filament\\dashboard\\vendor\\laravel\\framework\\src\\Illuminate\\Pipeline\\Pipeline.php(180): Livewire\\DisableBrowserCache->handle(Object(Illuminate\\Http\\Request), Object(Closure))
#44 D:\\Laravel\\filament\\dashboard\\vendor\\laravel\\framework\\src\\Illuminate\\Foundation\\Http\\Middleware\\ConvertEmptyStringsToNull.php(27): Illuminate\\Pipeline\\Pipeline->Illuminate\\Pipeline\\{closure}(Object(Illuminate\\Http\\Request))
#45 D:\\Laravel\\filament\\dashboard\\vendor\\laravel\\framework\\src\\Illuminate\\Pipeline\\Pipeline.php(180): Illuminate\\Foundation\\Http\\Middleware\\ConvertEmptyStringsToNull->handle(Object(Illuminate\\Http\\Request), Object(Closure))
#46 D:\\Laravel\\filament\\dashboard\\vendor\\laravel\\framework\\src\\Illuminate\\Foundation\\Http\\Middleware\\TrimStrings.php(36): Illuminate\\Pipeline\\Pipeline->Illuminate\\Pipeline\\{closure}(Object(Illuminate\\Http\\Request))
#47 D:\\Laravel\\filament\\dashboard\\vendor\\laravel\\framework\\src\\Illuminate\\Pipeline\\Pipeline.php(180): Illuminate\\Foundation\\Http\\Middleware\\TrimStrings->handle(Object(Illuminate\\Http\\Request), Object(Closure))
#48 D:\\Laravel\\filament\\dashboard\\vendor\\laravel\\framework\\src\\Illuminate\\Foundation\\Http\\Middleware\\ValidatePostSize.php(27): Illuminate\\Pipeline\\Pipeline->Illuminate\\Pipeline\\{closure}(Object(Illuminate\\Http\\Request))
#49 D:\\Laravel\\filament\\dashboard\\vendor\\laravel\\framework\\src\\Illuminate\\Pipeline\\Pipeline.php(180): Illuminate\\Foundation\\Http\\Middleware\\ValidatePostSize->handle(Object(Illuminate\\Http\\Request), Object(Closure))
#50 D:\\Laravel\\filament\\dashboard\\vendor\\laravel\\framework\\src\\Illuminate\\Foundation\\Http\\Middleware\\PreventRequestsDuringMaintenance.php(86): Illuminate\\Pipeline\\Pipeline->Illuminate\\Pipeline\\{closure}(Object(Illuminate\\Http\\Request))
#51 D:\\Laravel\\filament\\dashboard\\vendor\\laravel\\framework\\src\\Illuminate\\Pipeline\\Pipeline.php(180): Illuminate\\Foundation\\Http\\Middleware\\PreventRequestsDuringMaintenance->handle(Object(Illuminate\\Http\\Request), Object(Closure))
#52 D:\\Laravel\\filament\\dashboard\\vendor\\laravel\\framework\\src\\Illuminate\\Http\\Middleware\\HandleCors.php(49): Illuminate\\Pipeline\\Pipeline->Illuminate\\Pipeline\\{closure}(Object(Illuminate\\Http\\Request))
#53 D:\\Laravel\\filament\\dashboard\\vendor\\laravel\\framework\\src\\Illuminate\\Pipeline\\Pipeline.php(180): Illuminate\\Http\\Middleware\\HandleCors->handle(Object(Illuminate\\Http\\Request), Object(Closure))
#54 D:\\Laravel\\filament\\dashboard\\vendor\\laravel\\framework\\src\\Illuminate\\Http\\Middleware\\TrustProxies.php(39): Illuminate\\Pipeline\\Pipeline->Illuminate\\Pipeline\\{closure}(Object(Illuminate\\Http\\Request))
#55 D:\\Laravel\\filament\\dashboard\\vendor\\laravel\\framework\\src\\Illuminate\\Pipeline\\Pipeline.php(180): Illuminate\\Http\\Middleware\\TrustProxies->handle(Object(Illuminate\\Http\\Request), Object(Closure))
#56 D:\\Laravel\\filament\\dashboard\\vendor\\laravel\\framework\\src\\Illuminate\\Pipeline\\Pipeline.php(116): Illuminate\\Pipeline\\Pipeline->Illuminate\\Pipeline\\{closure}(Object(Illuminate\\Http\\Request))
#57 D:\\Laravel\\filament\\dashboard\\vendor\\laravel\\framework\\src\\Illuminate\\Foundation\\Http\\Kernel.php(175): Illuminate\\Pipeline\\Pipeline->then(Object(Closure))
#58 D:\\Laravel\\filament\\dashboard\\vendor\\laravel\\framework\\src\\Illuminate\\Foundation\\Http\\Kernel.php(144): Illuminate\\Foundation\\Http\\Kernel->sendRequestThroughRouter(Object(Illuminate\\Http\\Request))
#59 D:\\Laravel\\filament\\dashboard\\public\\index.php(51): Illuminate\\Foundation\\Http\\Kernel->handle(Object(Illuminate\\Http\\Request))
#60 D:\\Laravel\\filament\\dashboard\\vendor\\laravel\\framework\\src\\Illuminate\\Foundation\\resources\\server.php(16): require_once('D:\\\\Laravel\\\\fila...')
#61 {main}
"} 
